<?xml version="1.0" encoding="UTF-8"?>
<!-- Generated by org.testng.reporters.JUnitReportReporter -->
<testsuite hostname="DESKTOP-NSJ1APJ" failures="0" tests="1" name="com.facebook.loginTests.LoginTest" time="4.243" errors="0" timestamp="2023-10-07T10:12:03 PDT" skipped="0">
  <testcase classname="com.facebook.loginTests.LoginTest" name="loginTest" time="4.243"/>
  <system-out/>
</testsuite> <!-- com.facebook.loginTests.LoginTest -->
